<?xml version="1.0" encoding="UTF-8"?>
<testng-results skipped="0" failed="0" total="2" passed="2">
  <reporter-output>
  </reporter-output>
  <suite name="nopCommerce" duration-ms="50856" started-at="2020-06-05T05:04:35Z" finished-at="2020-06-05T05:05:26Z">
    <groups>
    </groups>
    <test name="nopCommerce Test1" duration-ms="50856" started-at="2020-06-05T05:04:35Z" finished-at="2020-06-05T05:05:26Z">
      <class name="com.nopcommerce.testCases.TC_LoginTest_001">
        <test-method status="PASS" signature="setup(java.lang.String)[pri:0, instance:com.nopcommerce.testCases.TC_LoginTest_001@e25b2fe]" name="setup" is-config="true" duration-ms="7934" started-at="2020-06-05T13:04:35Z" finished-at="2020-06-05T13:04:43Z">
          <params>
            <param index="0">
              <value>
                <![CDATA[chrome]]>
              </value>
            </param>
          </params>
          <reporter-output>
          </reporter-output>
        </test-method> <!-- setup -->
        <test-method status="PASS" signature="loginTest()[pri:0, instance:com.nopcommerce.testCases.TC_LoginTest_001@e25b2fe]" name="loginTest" duration-ms="16874" started-at="2020-06-05T13:04:43Z" finished-at="2020-06-05T13:05:00Z">
          <reporter-output>
          </reporter-output>
        </test-method> <!-- loginTest -->
        <test-method status="PASS" signature="tearDown()[pri:0, instance:com.nopcommerce.testCases.TC_LoginTest_001@e25b2fe]" name="tearDown" is-config="true" duration-ms="1020" started-at="2020-06-05T13:05:00Z" finished-at="2020-06-05T13:05:01Z">
          <reporter-output>
          </reporter-output>
        </test-method> <!-- tearDown -->
      </class> <!-- com.nopcommerce.testCases.TC_LoginTest_001 -->
      <class name="com.nopcommerce.testCases.TC_AddCustomerTest_003">
        <test-method status="PASS" signature="setup(java.lang.String)[pri:0, instance:com.nopcommerce.testCases.TC_AddCustomerTest_003@754ba872]" name="setup" is-config="true" duration-ms="6079" started-at="2020-06-05T13:05:01Z" finished-at="2020-06-05T13:05:07Z">
          <params>
            <param index="0">
              <value>
                <![CDATA[chrome]]>
              </value>
            </param>
          </params>
          <reporter-output>
          </reporter-output>
        </test-method> <!-- setup -->
        <test-method status="PASS" signature="addNewCustomer()[pri:0, instance:com.nopcommerce.testCases.TC_AddCustomerTest_003@754ba872]" name="addNewCustomer" duration-ms="17747" started-at="2020-06-05T13:05:07Z" finished-at="2020-06-05T13:05:25Z">
          <reporter-output>
          </reporter-output>
        </test-method> <!-- addNewCustomer -->
        <test-method status="PASS" signature="tearDown()[pri:0, instance:com.nopcommerce.testCases.TC_AddCustomerTest_003@754ba872]" name="tearDown" is-config="true" duration-ms="822" started-at="2020-06-05T13:05:25Z" finished-at="2020-06-05T13:05:26Z">
          <reporter-output>
          </reporter-output>
        </test-method> <!-- tearDown -->
      </class> <!-- com.nopcommerce.testCases.TC_AddCustomerTest_003 -->
    </test> <!-- nopCommerce Test1 -->
  </suite> <!-- nopCommerce -->
</testng-results>
